
> codesphere-server@1.0.0 dev
> nodemon src/index.js

[33m[nodemon] 3.1.14[39m
[33m[nodemon] to restart at any time, enter `rs`[39m
[33m[nodemon] watching path(s): *.*[39m
[33m[nodemon] watching extensions: js,mjs,cjs,json[39m
[32m[nodemon] starting `node src/index.js`[39m
MongoDB connected: codesphere
CodeSphere running at http://localhost:5000
[0mGET /api/health [32m200[0m 8.970 ms - 39[0m
[0mGET /api/auth/oauth/providers [32m200[0m 2.071 ms - 403[0m
[0mGET /api/auth/oauth/providers [32m200[0m 1.502 ms - 403[0m
[31m[nodemon] app crashed - waiting for file changes before starting...[39m
[32m[nodemon] restarting due to changes...[39m
[32m[nodemon] starting `node src/index.js`[39m
MongoDB connected: codesphere
[31m[nodemon] app crashed - waiting for file changes before starting...[39m
[32m[nodemon] restarting due to changes...[39m
[32m[nodemon] starting `node src/index.js`[39m
MongoDB connected: codesphere
[31m[nodemon] app crashed - waiting for file changes before starting...[39m
