
> codesphere-server@1.0.0 start
> node src/index.js

MongoDB connected: codesphere
CodeSphere running at http://localhost:5000
[0mGET /api/health [32m200[0m 8.467 ms - 39[0m
[0mGET /api/auth/oauth/providers [32m200[0m 2.114 ms - 329[0m
[0mPOST /api/auth/oauth/github [33m404[0m 2.194 ms - 58[0m
[0mGET /favicon.ico [32m200[0m 8.750 ms - 395[0m
[0mGET /login [32m200[0m 2.642 ms - 395[0m
[0mGET /assets/index-C2x9uAbr.css [32m200[0m 2.758 ms - 33034[0m
[0mGET /assets/index-BAEasyrh.js [32m200[0m 2.644 ms - 774243[0m
[0mGET /favicon.ico [36m304[0m 3.700 ms - -[0m
[0mGET /api/auth/oauth/github/start?redirect=%2Flogin [31m503[0m 3.255 ms - 44[0m
[0mGET /favicon.ico [36m304[0m 1.681 ms - -[0m
[0mGET /favicon.ico [36m304[0m 3.307 ms - -[0m
[0mGET /api/auth/oauth/github/start?redirect=%2Flogin [31m503[0m 2.655 ms - 44[0m
[0mGET /favicon.ico [36m304[0m 1.853 ms - -[0m
[0mGET /favicon.ico [36m304[0m 1.814 ms - -[0m
[0mGET /api/auth/oauth/linkedin/start?redirect=%2Flogin [31m503[0m 1.282 ms - 46[0m
[0mGET /favicon.ico [36m304[0m 1.232 ms - -[0m
[0mGET /favicon.ico [32m200[0m 2.711 ms - 395[0m
[0mGET /api/auth/oauth/github/start?redirect=%2Flogin [31m503[0m 1.402 ms - 44[0m
[0mGET /favicon.ico [36m304[0m 1.356 ms - -[0m
