
> codesphere@1.0.0 start
> npm run build --prefix client && npm start --prefix server


> codesphere-client@1.0.0 build
> vite build

[36mvite v6.4.2 [32mbuilding for production...[36m[39m
transforming...
[32m✓[39m 2599 modules transformed.
rendering chunks...
computing gzip size...
[2mdist/[22m[32mindex.html                 [39m[1m[2m  0.40 kB[22m[1m[22m[2m │ gzip:   0.27 kB[22m
[2mdist/[22m[35massets/index-DwJ7QYOq.css  [39m[1m[2m 33.10 kB[22m[1m[22m[2m │ gzip:   6.83 kB[22m
[2mdist/[22m[36massets/index-C-3QQedA.js   [39m[1m[33m775.78 kB[39m[22m[2m │ gzip: 238.98 kB[22m
[32m✓ built in 5.96s[39m

> codesphere-server@1.0.0 start
> node src/index.js

MongoDB connected: codesphere
CodeSphere running at http://localhost:5000
[0mGET /api/health [32m200[0m 4.196 ms - 39[0m
[0mGET / [32m200[0m 4.184 ms - 395[0m
[0mGET /assets/index-DwJ7QYOq.css [32m200[0m 2.128 ms - 33103[0m
[0mGET /assets/index-C-3QQedA.js [32m200[0m 2.098 ms - 775779[0m
[0mGET /favicon.ico [32m200[0m 1.601 ms - 395[0m
[0mGET /login [32m200[0m 1.404 ms - 395[0m
[0mGET /assets/index-C-3QQedA.js [36m304[0m 1.061 ms - -[0m
[0mGET /assets/index-DwJ7QYOq.css [36m304[0m 2.199 ms - -[0m
[0mGET /api/auth/oauth/providers [32m200[0m 1.587 ms - 4017[0m
[0mGET /favicon.ico [36m304[0m 0.761 ms - -[0m
[0mPOST /api/auth/login [33m401[0m 7.692 ms - 39[0m
[0mPOST /api/auth/login [33m401[0m 2.390 ms - 39[0m
[0mPOST /api/auth/register [32m201[0m 306.436 ms - 1089[0m
[0mGET /api/auth/me [32m200[0m 58.072 ms - 1092[0m
[0mGET /favicon.ico [36m304[0m 15.126 ms - -[0m
[0mGET /api/workspaces/6a1ee66eba226edf7940041f/dashboard [32m200[0m 63.798 ms - 466[0m
[0mGET /favicon.ico [36m304[0m 2.647 ms - -[0m
[0mGET /api/projects/6a1ee66eba226edf7940041f [32m200[0m 11.973 ms - 2[0m
[0mGET /favicon.ico [36m304[0m 1.357 ms - -[0m
[0mGET /api/tasks/6a1ee66eba226edf7940041f [32m200[0m 14.803 ms - 2[0m
[0mGET /api/projects/6a1ee66eba226edf7940041f [36m304[0m 14.461 ms - -[0m
[0mGET /api/team/6a1ee66eba226edf7940041f [32m200[0m 15.927 ms - 270[0m
[0mGET /favicon.ico [36m304[0m 0.598 ms - -[0m
[0mGET /api/tasks/6a1ee66eba226edf7940041f [36m304[0m 13.451 ms - -[0m
[0mGET /api/projects/6a1ee66eba226edf7940041f [36m304[0m 14.189 ms - -[0m
[0mGET /api/team/6a1ee66eba226edf7940041f [36m304[0m 15.224 ms - -[0m
[0mGET /favicon.ico [36m304[0m 4.882 ms - -[0m
[0mGET /api/activity/6a1ee66eba226edf7940041f [32m200[0m 9.963 ms - 2[0m
[0mGET /favicon.ico [36m304[0m 2.219 ms - -[0m
[0mGET /api/team/6a1ee66eba226edf7940041f [36m304[0m 9.425 ms - -[0m
[0mGET /favicon.ico [36m304[0m 4.389 ms - -[0m
[0mGET /api/snippets/6a1ee66eba226edf7940041f [32m200[0m 10.781 ms - 2[0m
[0mGET /favicon.ico [36m304[0m 0.588 ms - -[0m
